<?xml version="1.0" encoding="UTF-8"?>
<!-- Generated by org.testng.reporters.JUnitReportReporter -->
<testsuite hostname="Rameshs-MacBook-Air.local" failures="0" tests="2" name="RameshSwarnkarAutomation.TestCases.ErrorValidationsTest" time="18.803" errors="0" timestamp="2025-03-06T17:59:12 EST" skipped="0">
  <testcase classname="RameshSwarnkarAutomation.TestCases.ErrorValidationsTest" name="secondErrorValidation" time="9.384"/>
  <testcase classname="RameshSwarnkarAutomation.TestCases.ErrorValidationsTest" name="loginErrorValidations" time="9.419"/>
</testsuite> <!-- RameshSwarnkarAutomation.TestCases.ErrorValidationsTest -->
