<?xml version="1.0" encoding="UTF-8"?>
<!-- Generated by org.testng.reporters.JUnitReportReporter -->
<testsuite hostname="Rameshs-MacBook-Air.local" failures="0" tests="3" name="RameshSwarnkarAutomation.TestCases.WithFrameworkTest" time="49.175" errors="0" timestamp="2025-03-06T17:59:12 EST" skipped="0">
  <testcase classname="RameshSwarnkarAutomation.TestCases.WithFrameworkTest" name="LoginAndLogOutFlow" time="11.672"/>
  <testcase classname="RameshSwarnkarAutomation.TestCases.WithFrameworkTest" name="E2EHappyFlow" time="26.390"/>
  <testcase classname="RameshSwarnkarAutomation.TestCases.WithFrameworkTest" name="LoginAndLogOutFlow" time="11.113"/>
</testsuite> <!-- RameshSwarnkarAutomation.TestCases.WithFrameworkTest -->
