<?xml version="1.0" encoding="UTF-8"?>
<!-- Generated by org.testng.reporters.JUnitReportReporter -->
<testsuite hostname="Rameshs-MacBook-Air.local" failures="0" tests="3" name="RameshSwarnkarAutomation.TestCases.WithFrameworkTest" time="62.984" errors="0" timestamp="2025-03-05T18:25:48 EST" skipped="0">
  <testcase classname="RameshSwarnkarAutomation.TestCases.WithFrameworkTest" name="LoginAndLogOutFlow" time="25.557"/>
  <system-out/>
  <testcase classname="RameshSwarnkarAutomation.TestCases.WithFrameworkTest" name="LoginAndLogOutFlow" time="10.124"/>
  <system-out/>
  <testcase classname="RameshSwarnkarAutomation.TestCases.WithFrameworkTest" name="E2EHappyFlow" time="27.303"/>
  <system-out/>
</testsuite> <!-- RameshSwarnkarAutomation.TestCases.WithFrameworkTest -->
