<?xml version="1.0" encoding="UTF-8"?>
<!-- Generated by org.testng.reporters.JUnitReportReporter -->
<testsuite hostname="Rameshs-MacBook-Air.local" failures="0" tests="1" name="RameshSwarnkarAutomation.TestCases.ErrorValidationsTest" time="15.166" errors="0" timestamp="2025-03-05T19:09:53 EST" skipped="0">
  <testcase classname="RameshSwarnkarAutomation.TestCases.ErrorValidationsTest" name="loginErrorValidations" time="15.166"/>
  <system-out/>
</testsuite> <!-- RameshSwarnkarAutomation.TestCases.ErrorValidationsTest -->
