<?xml version="1.0" encoding="UTF-8"?>
<!-- Generated by org.testng.reporters.JUnitReportReporter -->
<testsuite hostname="Rameshs-MacBook-Air.local" failures="0" tests="3" name="RameshSwarnkarAutomation.TestCases.WithFrameworkTest" time="54.705" errors="0" timestamp="2025-03-06T10:28:34 EST" skipped="0">
  <testcase classname="RameshSwarnkarAutomation.TestCases.WithFrameworkTest" name="LoginAndLogOutFlow" time="11.615"/>
  <testcase classname="RameshSwarnkarAutomation.TestCases.WithFrameworkTest" name="LoginAndLogOutFlow" time="10.592"/>
  <testcase classname="RameshSwarnkarAutomation.TestCases.WithFrameworkTest" name="E2EHappyFlow" time="32.498"/>
</testsuite> <!-- RameshSwarnkarAutomation.TestCases.WithFrameworkTest -->
