<?xml version="1.0" encoding="UTF-8"?>
<!-- Generated by org.testng.reporters.JUnitReportReporter -->
<testsuite hostname="Rameshs-MacBook-Air.local" failures="0" tests="2" name="RameshSwarnkarAutomation.TestCases.ErrorValidationsTest" time="19.898" errors="0" timestamp="2025-03-06T10:28:34 EST" skipped="0">
  <testcase classname="RameshSwarnkarAutomation.TestCases.ErrorValidationsTest" name="loginErrorValidations" time="11.133"/>
  <testcase classname="RameshSwarnkarAutomation.TestCases.ErrorValidationsTest" name="secondErrorValidation" time="8.765"/>
</testsuite> <!-- RameshSwarnkarAutomation.TestCases.ErrorValidationsTest -->
